0 info it worked if it ends with ok
1 verbose cli [ '/usr/local/bin/node', '/Users/phawk/.node/bin/npm', 'start' ]
2 info using npm@3.10.2
3 info using node@v6.0.0
4 verbose run-script [ 'prestart', 'start', 'poststart' ]
5 info lifecycle avetemp@1.0.0~prestart: avetemp@1.0.0
6 silly lifecycle avetemp@1.0.0~prestart: no script for prestart, continuing
7 info lifecycle avetemp@1.0.0~start: avetemp@1.0.0
8 verbose lifecycle avetemp@1.0.0~start: unsafe-perm in lifecycle true
9 verbose lifecycle avetemp@1.0.0~start: PATH: /Users/phawk/.node/lib/node_modules/npm/bin/node-gyp-bin:/Users/phawk/Desktop/AverageTemp/AverageTemp/node_modules/.bin:/usr/local/bin:/Users/phawk/.rvm/gems/ruby-2.3.0/bin:/Users/phawk/.rvm/gems/ruby-2.3.0@global/bin:/Users/phawk/.rvm/rubies/ruby-2.3.0/bin:/Users/phawk/Dropbox/development/Java/bin/apache-maven/bin:/Users/phawk/.node/bin:/Users/phawk/Dropbox/development/scripts/bin:/usr/local/bin:/usr/bin:/bin:/usr/sbin:/sbin:/Users/phawk/Dropbox/development/Andriod/sdk:/opt/X11/bin:/usr/texbin:/Users/phawk/.rvm/bin
10 verbose lifecycle avetemp@1.0.0~start: CWD: /Users/phawk/Desktop/AverageTemp/AverageTemp
11 silly lifecycle avetemp@1.0.0~start: Args: [ '-c', 'tsc && concurrently "tsc -w" "lite-server" ' ]
12 silly lifecycle avetemp@1.0.0~start: Returned: code: 2  signal: null
13 info lifecycle avetemp@1.0.0~start: Failed to exec start script
14 verbose stack Error: avetemp@1.0.0 start: `tsc && concurrently "tsc -w" "lite-server" `
14 verbose stack Exit status 2
14 verbose stack     at EventEmitter.<anonymous> (/Users/phawk/.node/lib/node_modules/npm/lib/utils/lifecycle.js:242:16)
14 verbose stack     at emitTwo (events.js:106:13)
14 verbose stack     at EventEmitter.emit (events.js:191:7)
14 verbose stack     at ChildProcess.<anonymous> (/Users/phawk/.node/lib/node_modules/npm/lib/utils/spawn.js:40:14)
14 verbose stack     at emitTwo (events.js:106:13)
14 verbose stack     at ChildProcess.emit (events.js:191:7)
14 verbose stack     at maybeClose (internal/child_process.js:850:16)
14 verbose stack     at Process.ChildProcess._handle.onexit (internal/child_process.js:215:5)
15 verbose pkgid avetemp@1.0.0
16 verbose cwd /Users/phawk/Desktop/AverageTemp/AverageTemp
17 error Darwin 15.6.0
18 error argv "/usr/local/bin/node" "/Users/phawk/.node/bin/npm" "start"
19 error node v6.0.0
20 error npm  v3.10.2
21 error code ELIFECYCLE
22 error avetemp@1.0.0 start: `tsc && concurrently "tsc -w" "lite-server" `
22 error Exit status 2
23 error Failed at the avetemp@1.0.0 start script 'tsc && concurrently "tsc -w" "lite-server" '.
23 error Make sure you have the latest version of node.js and npm installed.
23 error If you do, this is most likely a problem with the avetemp package,
23 error not with npm itself.
23 error Tell the author that this fails on your system:
23 error     tsc && concurrently "tsc -w" "lite-server"
23 error You can get information on how to open an issue for this project with:
23 error     npm bugs avetemp
23 error Or if that isn't available, you can get their info via:
23 error     npm owner ls avetemp
23 error There is likely additional logging output above.
24 verbose exit [ 1, true ]
